INFO [2020-03-20 21:17:35] $x
INFO [2020-03-20 21:17:35] list(set1, set2, set3)
INFO [2020-03-20 21:17:35] 
INFO [2020-03-20 21:17:35] $category.names
INFO [2020-03-20 21:17:35] c("Set 1", "Set 2 ", "Set 3")
INFO [2020-03-20 21:17:35] 
INFO [2020-03-20 21:17:35] $filename
INFO [2020-03-20 21:17:35] [1] "#14_venn_diagramm.png"
INFO [2020-03-20 21:17:35] 
INFO [2020-03-20 21:17:35] $output
INFO [2020-03-20 21:17:35] [1] TRUE
INFO [2020-03-20 21:17:35] 
INFO [2020-03-20 21:17:35] $imagetype
INFO [2020-03-20 21:17:35] [1] "png"
INFO [2020-03-20 21:17:35] 
INFO [2020-03-20 21:17:35] $height
INFO [2020-03-20 21:17:35] [1] 480
INFO [2020-03-20 21:17:35] 
INFO [2020-03-20 21:17:35] $width
INFO [2020-03-20 21:17:35] [1] 480
INFO [2020-03-20 21:17:35] 
INFO [2020-03-20 21:17:35] $resolution
INFO [2020-03-20 21:17:35] [1] 300
INFO [2020-03-20 21:17:35] 
INFO [2020-03-20 21:17:35] $compression
INFO [2020-03-20 21:17:35] [1] "lzw"
INFO [2020-03-20 21:17:35] 
INFO [2020-03-20 21:17:35] $lwd
INFO [2020-03-20 21:17:35] [1] 2
INFO [2020-03-20 21:17:35] 
INFO [2020-03-20 21:17:35] $lty
INFO [2020-03-20 21:17:35] [1] "blank"
INFO [2020-03-20 21:17:35] 
INFO [2020-03-20 21:17:35] $fill
INFO [2020-03-20 21:17:35] myCol
INFO [2020-03-20 21:17:35] 
INFO [2020-03-20 21:17:35] $cex
INFO [2020-03-20 21:17:35] [1] 0.6
INFO [2020-03-20 21:17:35] 
INFO [2020-03-20 21:17:35] $fontface
INFO [2020-03-20 21:17:35] [1] "bold"
INFO [2020-03-20 21:17:35] 
INFO [2020-03-20 21:17:35] $fontfamily
INFO [2020-03-20 21:17:35] [1] "sans"
INFO [2020-03-20 21:17:35] 
INFO [2020-03-20 21:17:35] $cat.cex
INFO [2020-03-20 21:17:35] [1] 0.6
INFO [2020-03-20 21:17:35] 
INFO [2020-03-20 21:17:35] $cat.fontface
INFO [2020-03-20 21:17:35] [1] "bold"
INFO [2020-03-20 21:17:35] 
INFO [2020-03-20 21:17:35] $cat.default.pos
INFO [2020-03-20 21:17:35] [1] "outer"
INFO [2020-03-20 21:17:35] 
INFO [2020-03-20 21:17:35] $cat.pos
INFO [2020-03-20 21:17:35] c(-27, 27, 135)
INFO [2020-03-20 21:17:35] 
INFO [2020-03-20 21:17:35] $cat.dist
INFO [2020-03-20 21:17:35] c(0.055, 0.055, 0.085)
INFO [2020-03-20 21:17:35] 
INFO [2020-03-20 21:17:35] $cat.fontfamily
INFO [2020-03-20 21:17:35] [1] "sans"
INFO [2020-03-20 21:17:35] 
INFO [2020-03-20 21:17:35] $rotation
INFO [2020-03-20 21:17:35] [1] 1
INFO [2020-03-20 21:17:35] 
